Arguments: 
  /usr/local/bin/node /usr/local/Cellar/yarn/1.21.1/libexec/bin/yarn.js install

PATH: 
  /Users/fuzzyelephant/anaconda3/bin:/Library/Frameworks/Python.framework/Versions/3.6/bin:/Library/Frameworks/Python.framework/Versions/2.7/bin:/usr/local/bin:/usr/bin:/bin:/usr/sbin:/sbin:/opt/X11/bin

Yarn version: 
  1.21.1

Node version: 
  12.14.0

Platform: 
  darwin x64

Trace: 
  SyntaxError: /Users/fuzzyelephant/Documents/Code/newhousewebmaster.github.io/package.json: Unexpected token } in JSON at position 1592
      at JSON.parse (<anonymous>)
      at /usr/local/Cellar/yarn/1.21.1/libexec/lib/cli.js:1625:59
      at Generator.next (<anonymous>)
      at step (/usr/local/Cellar/yarn/1.21.1/libexec/lib/cli.js:310:30)
      at /usr/local/Cellar/yarn/1.21.1/libexec/lib/cli.js:321:13

npm manifest: 
  {
    "name": "weblab-skeleton",
    "version": "1.0.0",
    "description": "",
    "main": "server/server.js",
    "scripts": {
      "predeploy": "yarn run build",
      "deploy": "gh-pages -b master -d build",
      "hotloader": "webpack-dev-server --config ./webpack.config.js --mode development --port 5000",
      "start": "react-scripts start",
      "build": "react-scripts build",
      "test": "react-scripts test"
    },
    "repository": {
      "type": "git",
      "url": ""
    },
    "author": "",
    "license": "ISC",
    "homepage": "https://newhouse.mit.edu",
    "engines": {
      "node": ">=12.0.0"
    },
    "dependencies": {
      "@reach/router": "^1.2.1",
      "connect-ensure-login": "^0.1.1",
      "core-js": "^3.3.6",
      "express": "^4.16.4",
      "express-session": "^1.17.0",
      "google-auth-library": "^5.5.1",
      "mongoose": "^5.7.7",
      "nodemon": "^1.19.4",
      "react": "^16.7.0",
      "react-dom": "^16.7.0",
      "react-google-login": "^5.0.7",
      "react-router-dom": "^4.3.1",
      "react-scripts": "^3.3.1",
      "socket.io": "^2.3.0",
      "socket.io-client": "^2.3.0",
      "url-loader": "^1.1.2"
    },
    "devDependencies": {
      "@babel/cli": "^7.4.4",
      "@babel/core": "^7.4.4",
      "@babel/plugin-proposal-class-properties": "^7.5.5",
      "@babel/polyfill": "^7.4.4",
      "@babel/preset-env": "^7.4.4",
      "@babel/preset-react": "^7.0.0",
      "@babel/preset-stage-0": "^7.0.0",
      "babel-loader": "^8.0.6",
      "css-loader": "^2.1.0",
      "file-loader": "^3.0.1",
      "gh-pages": "^2.2.0",
      "html-webpack-plugin": "^3.2.0",
      "react-hot-loader": "^4.6.3",
      "style-loader": "^0.23.1",
    },
    "browserslist": {
      "production": [
        ">0.2%",
        "not dead",
        "not op_mini all"
      ],
      "development": [
        "last 1 chrome version",
        "last 1 firefox version",
        "last 1 safari version"
      ]
    }
  }

yarn manifest: 
  No manifest

Lockfile: 
  No lockfile
